<?xml version="1.0" encoding="UTF-8"?>
<!-- Generated by org.testng.reporters.JUnitXMLReporter -->
<testsuite ignored="0" hostname="DESKTOP-6JOMMLI" failures="0" tests="35" name="Default test" time="96.492" errors="0" timestamp="2024-05-30T15:20:39 IST">
  <testcase classname="com.ecommerce.dawnTheme.homepageTest" name="homepageSuccess" time="1.539"/>
  <testcase classname="com.ecommerce.dawnTheme.homepageTest" name="homepageError" time="0.852"/>
  <testcase classname="com.ecommerce.dawnTheme.homepageTest" name="announcementBar" time="1.021"/>
  <testcase classname="com.ecommerce.dawnTheme.homepageTest" name="dawnLogo" time="1.013"/>
  <testcase classname="com.ecommerce.dawnTheme.homepageTest" name="bagsDropdown" time="0.986"/>
  <testcase classname="com.ecommerce.dawnTheme.homepageTest" name="bagsDropdownSelect" time="1.695"/>
  <testcase classname="com.ecommerce.dawnTheme.homepageTest" name="shoesDropdown" time="0.978"/>
  <testcase classname="com.ecommerce.dawnTheme.homepageTest" name="shoesDropdownSelect" time="1.718"/>
  <testcase classname="com.ecommerce.dawnTheme.homepageTest" name="lookBook" time="0.895"/>
  <testcase classname="com.ecommerce.dawnTheme.homepageTest" name="searchIcon" time="0.984"/>
  <testcase classname="com.ecommerce.dawnTheme.homepageTest" name="profileIcon" time="0.946"/>
  <testcase classname="com.ecommerce.dawnTheme.homepageTest" name="cartIcon" time="0.968"/>
  <testcase classname="com.ecommerce.dawnTheme.homepageTest" name="shopNowButton" time="2.296"/>
  <testcase classname="com.ecommerce.dawnTheme.homepageTest" name="backInStock" time="0.997"/>
  <testcase classname="com.ecommerce.dawnTheme.homepageTest" name="bagsLinkFooter" time="1.305"/>
  <testcase classname="com.ecommerce.dawnTheme.homepageTest" name="bagsPage" time="1.853"/>
  <testcase classname="com.ecommerce.dawnTheme.homepageTest" name="shoesLinkFooter" time="1.274"/>
  <testcase classname="com.ecommerce.dawnTheme.homepageTest" name="shoesPage" time="1.414"/>
  <testcase classname="com.ecommerce.dawnTheme.homepageTest" name="lookBookLinkFooter" time="1.968"/>
  <testcase classname="com.ecommerce.dawnTheme.homepageTest" name="lookBookLinkPage" time="1.865"/>
  <testcase classname="com.ecommerce.dawnTheme.homepageTest" name="aboutLinkFooter" time="1.307"/>
  <testcase classname="com.ecommerce.dawnTheme.homepageTest" name="aboutPage" time="1.786"/>
  <testcase classname="com.ecommerce.dawnTheme.homepageTest" name="contactUsLinkFooter" time="1.247"/>
  <testcase classname="com.ecommerce.dawnTheme.homepageTest" name="contactUsPage" time="1.499"/>
  <testcase classname="com.ecommerce.dawnTheme.homepageTest" name="shippingPolicyLinkFooter" time="1.354"/>
  <testcase classname="com.ecommerce.dawnTheme.homepageTest" name="shippingPage" time="1.859"/>
  <testcase classname="com.ecommerce.dawnTheme.homepageTest" name="blogLinkFooter" time="1.328"/>
  <testcase classname="com.ecommerce.dawnTheme.homepageTest" name="newsPage" time="1.87"/>
  <testcase classname="com.ecommerce.dawnTheme.homepageTest" name="newsletter" time="1.755"/>
  <testcase classname="com.ecommerce.dawnTheme.homepageTest" name="country" time="3.993"/>
  <testcase classname="com.ecommerce.dawnTheme.homepageTest" name="facebookLink" time="1.677"/>
  <testcase classname="com.ecommerce.dawnTheme.homepageTest" name="instagramLink" time="1.754"/>
  <testcase classname="com.ecommerce.dawnTheme.homepageTest" name="youtubeLink" time="1.803"/>
  <testcase classname="com.ecommerce.dawnTheme.homepageTest" name="ticktokLink" time="1.817"/>
  <testcase classname="com.ecommerce.dawnTheme.homepageTest" name="twiterLink" time="1.885"/>
</testsuite> <!-- Default test -->
